<?xml version="1.0" encoding="UTF-8"?>
<!-- Generated by org.testng.reporters.JUnitXMLReporter -->
<testsuite hostname="Mahika" ignored="0" name="TestDayFive" tests="3" failures="0" timestamp="24 Nov 2019 08:49:26 GMT" time="43.208" errors="0">
  <testcase name="screenShot" time="1.167" classname="seleniumdayfivepackage.TakeAScreenShot"/>
  <testcase name="calc" time="1.218" classname="seleniumdayfivepackage.CalcThroughConfigProperties"/>
  <testcase name="dynamicWebTable" time="1.949" classname="seleniumdayfivepackage.HandlingDynamicWebTable"/>
</testsuite> <!-- TestDayFive -->
