<?xml version="1.0" encoding="UTF-8"?>
<!-- Generated by org.testng.reporters.JUnitXMLReporter -->
<testsuite hostname="Mahika" ignored="2" name="testingfile" tests="1" failures="1" timestamp="17 Nov 2019 08:07:24 GMT" time="0.27" errors="0">
  <testcase name="ajaxExampleTest" time="0.119" classname="seleniumdayfourpackage.AjaxExample">
    <failure type="java.lang.NullPointerException">
      <![CDATA[java.lang.NullPointerException
at seleniumdayfourpackage.AjaxExample.ajaxExampleTest(AjaxExample.java:37)
... Removed 25 stack frames]]>
    </failure>
  </testcase> <!-- ajaxExampleTest -->
  <testcase name="testCaseOne_Test_One" time="0.0" classname="seleniumdayfourpackage.TextBoxTest">
    <ignored/>
  </testcase> <!-- testCaseOne_Test_One -->
  <testcase name="testCaseTwo_Test_One" time="0.0" classname="seleniumdayfourpackage.TextBoxTest">
    <ignored/>
  </testcase> <!-- testCaseTwo_Test_One -->
</testsuite> <!-- testingfile -->
