<?xml version="1.0" encoding="UTF-8"?>
<!-- Generated by org.testng.reporters.JUnitXMLReporter -->
<testsuite hostname="Mahika" ignored="2" name="Test" tests="1" failures="0" timestamp="17 Nov 2019 08:11:35 GMT" time="28.16" errors="0">
  <testcase name="ajaxExampleTest" time="10.994" classname="seleniumdayfourpackage.AjaxExample"/>
  <testcase name="testCaseOne_Test_One" time="0.0" classname="seleniumdayfourpackage.TextBoxTest">
    <ignored/>
  </testcase> <!-- testCaseOne_Test_One -->
  <testcase name="testCaseTwo_Test_One" time="0.0" classname="seleniumdayfourpackage.TextBoxTest">
    <ignored/>
  </testcase> <!-- testCaseTwo_Test_One -->
</testsuite> <!-- Test -->
